<?xml version="1.0" encoding="UTF-8"?>
<!-- Generated by org.testng.reporters.JUnitXMLReporter -->
<testsuite ignored="2" hostname="DESKTOP-D9IO8BK" failures="0" tests="3" name="TestRunner2" time="20.228" errors="0" timestamp="2023-09-26T11:01:02 IST">
  <testcase classname="testNG.Sample" name="Sample2" time="0.001">
    <skipped/>
  </testcase> <!-- Sample2 -->
  <testcase classname="testNG.Sample" name="sample" time="0.0">
    <skipped/>
  </testcase> <!-- sample -->
  <testcase classname="testNG.Demo" name="demo" time="0.0">
    <skipped/>
  </testcase> <!-- demo -->
  <testcase classname="com.HMS.GenericUtilities.BaseClass" name="@AfterSuite configAS" time="0.0">
    <ignored/>
  </testcase> <!-- @AfterSuite configAS -->
  <testcase classname="com.HMS.GenericUtilities.BaseClass" name="@BeforeSuite configBS" time="0.0">
    <ignored/>
  </testcase> <!-- @BeforeSuite configBS -->
</testsuite> <!-- TestRunner2 -->
