<?xml version="1.0" encoding="UTF-8"?>
<!-- Generated by org.testng.reporters.JUnitXMLReporter -->
<testsuite ignored="0" hostname="DESKTOP-D9IO8BK" failures="1" tests="1" name="Test" time="20.511" errors="0" timestamp="2023-09-21T14:54:07 IST">
  <testcase classname="com.AdminModuleTest.CreateDoctorSpecializationTest" name="doctorSpcl" time="1.452">
    <failure type="java.lang.AssertionError" message="null">
      <![CDATA[java.lang.AssertionError: null
at com.AdminModuleTest.CreateDoctorSpecializationTest.doctorSpcl(CreateDoctorSpecializationTest.java:23)
at java.base/java.util.ArrayList.forEach(ArrayList.java:1511)
at java.base/java.util.concurrent.FutureTask.run(FutureTask.java:264)
at java.base/java.util.concurrent.ThreadPoolExecutor.runWorker(ThreadPoolExecutor.java:1136)
at java.base/java.util.concurrent.ThreadPoolExecutor$Worker.run(ThreadPoolExecutor.java:635)
at java.base/java.lang.Thread.run(Thread.java:833)
... Removed 19 stack frames]]>
    </failure>
  </testcase> <!-- doctorSpcl -->
</testsuite> <!-- Test -->
