<?xml version="1.0" encoding="UTF-8"?>
<testng-results ignored="0" total="1" passed="1" failed="0" skipped="0">
  <reporter-output>
  </reporter-output>
  <suite started-at="2023-09-30T19:08:06 IST" name="Default suite" finished-at="2023-09-30T19:08:06 IST" duration-ms="89">
    <groups>
    </groups>
    <test started-at="2023-09-30T19:08:06 IST" name="Default test" finished-at="2023-09-30T19:08:06 IST" duration-ms="89">
      <class name="test.AbcTest">
        <test-method signature="abcTest()[pri:0, instance:test.AbcTest@20140db9]" started-at="2023-09-30T19:08:06 IST" name="abcTest" finished-at="2023-09-30T19:08:06 IST" duration-ms="19" status="PASS">
          <reporter-output>
          </reporter-output>
        </test-method> <!-- abcTest -->
      </class> <!-- test.AbcTest -->
    </test> <!-- Default test -->
  </suite> <!-- Default suite -->
</testng-results>
