<?xml version="1.0" encoding="UTF-8"?>
<testng-results ignored="0" total="1" passed="1" failed="0" skipped="0">
  <reporter-output>
  </reporter-output>
  <suite started-at="2023-09-30T15:11:02 IST" name="Default suite" finished-at="2023-09-30T15:11:02 IST" duration-ms="51">
    <groups>
    </groups>
    <test started-at="2023-09-30T15:11:02 IST" name="Default test" finished-at="2023-09-30T15:11:02 IST" duration-ms="51">
      <class name="testNG.Demo">
        <test-method signature="demo()[pri:0, instance:testNG.Demo@20140db9]" started-at="2023-09-30T15:11:02 IST" name="demo" finished-at="2023-09-30T15:11:02 IST" duration-ms="9" status="PASS">
          <reporter-output>
          </reporter-output>
        </test-method> <!-- demo -->
      </class> <!-- testNG.Demo -->
    </test> <!-- Default test -->
  </suite> <!-- Default suite -->
</testng-results>
